<?xml version="1.0" encoding="UTF-8"?>
<!-- Generated by org.testng.reporters.JUnitReportReporter -->
<testsuite skipped="0" hostname="LAPTOP-JI39TH39" name="com.leafBot.testcases.TC001_CreateLead" tests="2" failures="0" timestamp="08 Sep 2019 10:10:08 GMT" time="63.075" errors="0">
  <testcase name="TC002CreateLead" time="26.693" classname="com.leafBot.testcases.TC001_CreateLead"/>
  <testcase name="TC002CreateLead" time="36.382" classname="com.leafBot.testcases.TC001_CreateLead"/>
</testsuite> <!-- com.leafBot.testcases.TC001_CreateLead -->
